run_alignment_pipeline 시작: 15-Sep-2025 02:25:35
요약 조건: Param=S11 | FreqGHz=24        24.05         24.1        24.15         24.2        24.25
요약 조건: Filter=lowpass/elliptic N=4 | Mode=causal | Cutoff=0.05 Hz | EventK=20 | AlignWindow=[0 5] s
요약 결과: 성공률=0.0% (0/24)
요약 조건: Param=S11 | FreqGHz=24        24.05         24.1        24.15         24.2        24.25
요약 조건: Filter=lowpass/bessel N=2 | Mode=causal | Cutoff=0.001 Hz | EventK=10 | AlignWindow=[0 5] s
요약 결과: 성공률=0.0% (0/24)
요약 조건: Param=S11 | FreqGHz=24        24.05         24.1        24.15         24.2        24.25
요약 조건: Filter=lowpass/bessel N=2 | Mode=causal | Cutoff=0.001 Hz | EventK=12 | AlignWindow=[0 5] s
요약 결과: 성공률=0.0% (0/24)
요약 조건: Param=S11 | FreqGHz=24        24.05         24.1        24.15         24.2        24.25
요약 조건: Filter=lowpass/bessel N=2 | Mode=causal | Cutoff=0.001 Hz | EventK=14 | AlignWindow=[0 5] s
요약 결과: 성공률=0.0% (0/24)
요약 조건: Param=S11 | FreqGHz=24        24.05         24.1        24.15         24.2        24.25
요약 조건: Filter=lowpass/bessel N=2 | Mode=causal | Cutoff=0.001 Hz | EventK=16 | AlignWindow=[0 5] s
요약 결과: 성공률=0.0% (0/24)
요약 조건: Param=S11 | FreqGHz=24        24.05         24.1        24.15         24.2        24.25
요약 조건: Filter=lowpass/bessel N=2 | Mode=causal | Cutoff=0.001 Hz | EventK=18 | AlignWindow=[0 5] s
요약 결과: 성공률=0.0% (0/24)
요약 조건: Param=S11 | FreqGHz=24        24.05         24.1        24.15         24.2        24.25
요약 조건: Filter=lowpass/bessel N=2 | Mode=causal | Cutoff=0.001 Hz | EventK=20 | AlignWindow=[0 5] s
요약 결과: 성공률=0.0% (0/24)
요약 조건: Param=S11 | FreqGHz=24        24.05         24.1        24.15         24.2        24.25
요약 조건: Filter=lowpass/bessel N=3 | Mode=causal | Cutoff=0.001 Hz | EventK=10 | AlignWindow=[0 5] s
요약 결과: 성공률=0.0% (0/24)
요약 조건: Param=S11 | FreqGHz=24        24.05         24.1        24.15         24.2        24.25
요약 조건: Filter=lowpass/bessel N=3 | Mode=causal | Cutoff=0.001 Hz | EventK=12 | AlignWindow=[0 5] s
요약 결과: 성공률=0.0% (0/24)
요약 조건: Param=S11 | FreqGHz=24        24.05         24.1        24.15         24.2        24.25
요약 조건: Filter=lowpass/bessel N=3 | Mode=causal | Cutoff=0.001 Hz | EventK=14 | AlignWindow=[0 5] s
요약 결과: 성공률=0.0% (0/24)
요약 조건: Param=S11 | FreqGHz=24        24.05         24.1        24.15         24.2        24.25
요약 조건: Filter=lowpass/bessel N=3 | Mode=causal | Cutoff=0.001 Hz | EventK=16 | AlignWindow=[0 5] s
요약 결과: 성공률=0.0% (0/24)
요약 조건: Param=S11 | FreqGHz=24        24.05         24.1        24.15         24.2        24.25
요약 조건: Filter=lowpass/bessel N=3 | Mode=causal | Cutoff=0.001 Hz | EventK=18 | AlignWindow=[0 5] s
요약 결과: 성공률=0.0% (0/24)
요약 조건: Param=S11 | FreqGHz=24        24.05         24.1        24.15         24.2        24.25
요약 조건: Filter=lowpass/bessel N=3 | Mode=causal | Cutoff=0.001 Hz | EventK=20 | AlignWindow=[0 5] s
요약 결과: 성공률=0.0% (0/24)
요약 조건: Param=S11 | FreqGHz=24        24.05         24.1        24.15         24.2        24.25
요약 조건: Filter=lowpass/bessel N=2 | Mode=causal | Cutoff=0.002 Hz | EventK=10 | AlignWindow=[0 5] s
요약 결과: 성공률=12.5% (3/24)
요약 조건: Param=S11 | FreqGHz=24        24.05         24.1        24.15         24.2        24.25
요약 조건: Filter=lowpass/bessel N=2 | Mode=causal | Cutoff=0.002 Hz | EventK=12 | AlignWindow=[0 5] s
요약 결과: 성공률=12.5% (3/24)
요약 조건: Param=S11 | FreqGHz=24        24.05         24.1        24.15         24.2        24.25
요약 조건: Filter=lowpass/bessel N=2 | Mode=causal | Cutoff=0.002 Hz | EventK=14 | AlignWindow=[0 5] s
요약 결과: 성공률=12.5% (3/24)
요약 조건: Param=S11 | FreqGHz=24        24.05         24.1        24.15         24.2        24.25
요약 조건: Filter=lowpass/bessel N=2 | Mode=causal | Cutoff=0.002 Hz | EventK=16 | AlignWindow=[0 5] s
요약 결과: 성공률=12.5% (3/24)
요약 조건: Param=S11 | FreqGHz=24        24.05         24.1        24.15         24.2        24.25
요약 조건: Filter=lowpass/bessel N=2 | Mode=causal | Cutoff=0.002 Hz | EventK=18 | AlignWindow=[0 5] s
요약 결과: 성공률=12.5% (3/24)
요약 조건: Param=S11 | FreqGHz=24        24.05         24.1        24.15         24.2        24.25
요약 조건: Filter=lowpass/bessel N=2 | Mode=causal | Cutoff=0.002 Hz | EventK=20 | AlignWindow=[0 5] s
요약 결과: 성공률=8.3% (2/24)
요약 조건: Param=S11 | FreqGHz=24        24.05         24.1        24.15         24.2        24.25
요약 조건: Filter=lowpass/bessel N=3 | Mode=causal | Cutoff=0.002 Hz | EventK=10 | AlignWindow=[0 5] s
요약 결과: 성공률=0.0% (0/24)
요약 조건: Param=S11 | FreqGHz=24        24.05         24.1        24.15         24.2        24.25
요약 조건: Filter=lowpass/bessel N=3 | Mode=causal | Cutoff=0.002 Hz | EventK=12 | AlignWindow=[0 5] s
요약 결과: 성공률=0.0% (0/24)
요약 조건: Param=S11 | FreqGHz=24        24.05         24.1        24.15         24.2        24.25
요약 조건: Filter=lowpass/bessel N=3 | Mode=causal | Cutoff=0.002 Hz | EventK=14 | AlignWindow=[0 5] s
요약 결과: 성공률=0.0% (0/24)
요약 조건: Param=S11 | FreqGHz=24        24.05         24.1        24.15         24.2        24.25
요약 조건: Filter=lowpass/bessel N=3 | Mode=causal | Cutoff=0.002 Hz | EventK=16 | AlignWindow=[0 5] s
요약 결과: 성공률=0.0% (0/24)
요약 조건: Param=S11 | FreqGHz=24        24.05         24.1        24.15         24.2        24.25
요약 조건: Filter=lowpass/bessel N=3 | Mode=causal | Cutoff=0.002 Hz | EventK=18 | AlignWindow=[0 5] s
요약 결과: 성공률=0.0% (0/24)
요약 조건: Param=S11 | FreqGHz=24        24.05         24.1        24.15         24.2        24.25
요약 조건: Filter=lowpass/bessel N=3 | Mode=causal | Cutoff=0.002 Hz | EventK=20 | AlignWindow=[0 5] s
요약 결과: 성공률=0.0% (0/24)
요약 조건: Param=S11 | FreqGHz=24        24.05         24.1        24.15         24.2        24.25
요약 조건: Filter=lowpass/bessel N=2 | Mode=causal | Cutoff=0.003 Hz | EventK=10 | AlignWindow=[0 5] s
요약 결과: 성공률=16.7% (4/24)
요약 조건: Param=S11 | FreqGHz=24        24.05         24.1        24.15         24.2        24.25
요약 조건: Filter=lowpass/bessel N=2 | Mode=causal | Cutoff=0.003 Hz | EventK=12 | AlignWindow=[0 5] s
요약 결과: 성공률=16.7% (4/24)
요약 조건: Param=S11 | FreqGHz=24        24.05         24.1        24.15         24.2        24.25
요약 조건: Filter=lowpass/bessel N=2 | Mode=causal | Cutoff=0.003 Hz | EventK=14 | AlignWindow=[0 5] s
요약 결과: 성공률=16.7% (4/24)
요약 조건: Param=S11 | FreqGHz=24        24.05         24.1        24.15         24.2        24.25
요약 조건: Filter=lowpass/bessel N=2 | Mode=causal | Cutoff=0.003 Hz | EventK=16 | AlignWindow=[0 5] s
요약 결과: 성공률=16.7% (4/24)
요약 조건: Param=S11 | FreqGHz=24        24.05         24.1        24.15         24.2        24.25
요약 조건: Filter=lowpass/bessel N=2 | Mode=causal | Cutoff=0.003 Hz | EventK=18 | AlignWindow=[0 5] s
요약 결과: 성공률=16.7% (4/24)
요약 조건: Param=S11 | FreqGHz=24        24.05         24.1        24.15         24.2        24.25
요약 조건: Filter=lowpass/bessel N=2 | Mode=causal | Cutoff=0.003 Hz | EventK=20 | AlignWindow=[0 5] s
요약 결과: 성공률=16.7% (4/24)
요약 조건: Param=S11 | FreqGHz=24        24.05         24.1        24.15         24.2        24.25
요약 조건: Filter=lowpass/bessel N=3 | Mode=causal | Cutoff=0.003 Hz | EventK=10 | AlignWindow=[0 5] s
요약 결과: 성공률=0.0% (0/24)
요약 조건: Param=S11 | FreqGHz=24        24.05         24.1        24.15         24.2        24.25
요약 조건: Filter=lowpass/bessel N=3 | Mode=causal | Cutoff=0.003 Hz | EventK=12 | AlignWindow=[0 5] s
요약 결과: 성공률=0.0% (0/24)
요약 조건: Param=S11 | FreqGHz=24        24.05         24.1        24.15         24.2        24.25
요약 조건: Filter=lowpass/bessel N=3 | Mode=causal | Cutoff=0.003 Hz | EventK=14 | AlignWindow=[0 5] s
요약 결과: 성공률=0.0% (0/24)
요약 조건: Param=S11 | FreqGHz=24        24.05         24.1        24.15         24.2        24.25
요약 조건: Filter=lowpass/bessel N=3 | Mode=causal | Cutoff=0.003 Hz | EventK=16 | AlignWindow=[0 5] s
요약 결과: 성공률=0.0% (0/24)
요약 조건: Param=S11 | FreqGHz=24        24.05         24.1        24.15         24.2        24.25
요약 조건: Filter=lowpass/bessel N=3 | Mode=causal | Cutoff=0.003 Hz | EventK=18 | AlignWindow=[0 5] s
요약 결과: 성공률=0.0% (0/24)
요약 조건: Param=S11 | FreqGHz=24        24.05         24.1        24.15         24.2        24.25
요약 조건: Filter=lowpass/bessel N=3 | Mode=causal | Cutoff=0.003 Hz | EventK=20 | AlignWindow=[0 5] s
요약 결과: 성공률=0.0% (0/24)
요약 조건: Param=S11 | FreqGHz=24        24.05         24.1        24.15         24.2        24.25
요약 조건: Filter=lowpass/bessel N=2 | Mode=causal | Cutoff=0.004 Hz | EventK=10 | AlignWindow=[0 5] s
요약 결과: 성공률=0.0% (0/24)
요약 조건: Param=S11 | FreqGHz=24        24.05         24.1        24.15         24.2        24.25
요약 조건: Filter=lowpass/bessel N=2 | Mode=causal | Cutoff=0.004 Hz | EventK=12 | AlignWindow=[0 5] s
요약 결과: 성공률=0.0% (0/24)
요약 조건: Param=S11 | FreqGHz=24        24.05         24.1        24.15         24.2        24.25
요약 조건: Filter=lowpass/bessel N=2 | Mode=causal | Cutoff=0.004 Hz | EventK=14 | AlignWindow=[0 5] s
요약 결과: 성공률=0.0% (0/24)
요약 조건: Param=S11 | FreqGHz=24        24.05         24.1        24.15         24.2        24.25
요약 조건: Filter=lowpass/bessel N=2 | Mode=causal | Cutoff=0.004 Hz | EventK=16 | AlignWindow=[0 5] s
요약 결과: 성공률=0.0% (0/24)
요약 조건: Param=S11 | FreqGHz=24        24.05         24.1        24.15         24.2        24.25
요약 조건: Filter=lowpass/bessel N=2 | Mode=causal | Cutoff=0.004 Hz | EventK=18 | AlignWindow=[0 5] s
요약 결과: 성공률=0.0% (0/24)
요약 조건: Param=S11 | FreqGHz=24        24.05         24.1        24.15         24.2        24.25
요약 조건: Filter=lowpass/bessel N=2 | Mode=causal | Cutoff=0.004 Hz | EventK=20 | AlignWindow=[0 5] s
요약 결과: 성공률=0.0% (0/24)
요약 조건: Param=S11 | FreqGHz=24        24.05         24.1        24.15         24.2        24.25
요약 조건: Filter=lowpass/bessel N=3 | Mode=causal | Cutoff=0.004 Hz | EventK=10 | AlignWindow=[0 5] s
요약 결과: 성공률=4.2% (1/24)
요약 조건: Param=S11 | FreqGHz=24        24.05         24.1        24.15         24.2        24.25
요약 조건: Filter=lowpass/bessel N=3 | Mode=causal | Cutoff=0.004 Hz | EventK=12 | AlignWindow=[0 5] s
요약 결과: 성공률=4.2% (1/24)
요약 조건: Param=S11 | FreqGHz=24        24.05         24.1        24.15         24.2        24.25
요약 조건: Filter=lowpass/bessel N=3 | Mode=causal | Cutoff=0.004 Hz | EventK=14 | AlignWindow=[0 5] s
요약 결과: 성공률=4.2% (1/24)
요약 조건: Param=S11 | FreqGHz=24        24.05         24.1        24.15         24.2        24.25
요약 조건: Filter=lowpass/bessel N=3 | Mode=causal | Cutoff=0.004 Hz | EventK=16 | AlignWindow=[0 5] s
요약 결과: 성공률=4.2% (1/24)
요약 조건: Param=S11 | FreqGHz=24        24.05         24.1        24.15         24.2        24.25
요약 조건: Filter=lowpass/bessel N=3 | Mode=causal | Cutoff=0.004 Hz | EventK=18 | AlignWindow=[0 5] s
요약 결과: 성공률=4.2% (1/24)
요약 조건: Param=S11 | FreqGHz=24        24.05         24.1        24.15         24.2        24.25
요약 조건: Filter=lowpass/bessel N=3 | Mode=causal | Cutoff=0.004 Hz | EventK=20 | AlignWindow=[0 5] s
요약 결과: 성공률=4.2% (1/24)
요약 조건: Param=S11 | FreqGHz=24        24.05         24.1        24.15         24.2        24.25
요약 조건: Filter=lowpass/bessel N=2 | Mode=causal | Cutoff=0.005 Hz | EventK=10 | AlignWindow=[0 5] s
요약 결과: 성공률=8.3% (2/24)
요약 조건: Param=S11 | FreqGHz=24        24.05         24.1        24.15         24.2        24.25
요약 조건: Filter=lowpass/bessel N=2 | Mode=causal | Cutoff=0.005 Hz | EventK=12 | AlignWindow=[0 5] s
요약 결과: 성공률=8.3% (2/24)
요약 조건: Param=S11 | FreqGHz=24        24.05         24.1        24.15         24.2        24.25
요약 조건: Filter=lowpass/bessel N=2 | Mode=causal | Cutoff=0.005 Hz | EventK=14 | AlignWindow=[0 5] s
요약 결과: 성공률=8.3% (2/24)
요약 조건: Param=S11 | FreqGHz=24        24.05         24.1        24.15         24.2        24.25
요약 조건: Filter=lowpass/bessel N=2 | Mode=causal | Cutoff=0.005 Hz | EventK=16 | AlignWindow=[0 5] s
요약 결과: 성공률=8.3% (2/24)
요약 조건: Param=S11 | FreqGHz=24        24.05         24.1        24.15         24.2        24.25
요약 조건: Filter=lowpass/bessel N=2 | Mode=causal | Cutoff=0.005 Hz | EventK=18 | AlignWindow=[0 5] s
요약 결과: 성공률=8.3% (2/24)
요약 조건: Param=S11 | FreqGHz=24        24.05         24.1        24.15         24.2        24.25
요약 조건: Filter=lowpass/bessel N=2 | Mode=causal | Cutoff=0.005 Hz | EventK=20 | AlignWindow=[0 5] s
요약 결과: 성공률=8.3% (2/24)
요약 조건: Param=S11 | FreqGHz=24        24.05         24.1        24.15         24.2        24.25
요약 조건: Filter=lowpass/bessel N=3 | Mode=causal | Cutoff=0.005 Hz | EventK=10 | AlignWindow=[0 5] s
요약 결과: 성공률=25.0% (6/24)
요약 조건: Param=S11 | FreqGHz=24        24.05         24.1        24.15         24.2        24.25
요약 조건: Filter=lowpass/bessel N=3 | Mode=causal | Cutoff=0.005 Hz | EventK=12 | AlignWindow=[0 5] s
요약 결과: 성공률=20.8% (5/24)
요약 조건: Param=S11 | FreqGHz=24        24.05         24.1        24.15         24.2        24.25
요약 조건: Filter=lowpass/bessel N=3 | Mode=causal | Cutoff=0.005 Hz | EventK=14 | AlignWindow=[0 5] s
요약 결과: 성공률=20.8% (5/24)
요약 조건: Param=S11 | FreqGHz=24        24.05         24.1        24.15         24.2        24.25
요약 조건: Filter=lowpass/bessel N=3 | Mode=causal | Cutoff=0.005 Hz | EventK=16 | AlignWindow=[0 5] s
요약 결과: 성공률=16.7% (4/24)
요약 조건: Param=S11 | FreqGHz=24        24.05         24.1        24.15         24.2        24.25
요약 조건: Filter=lowpass/bessel N=3 | Mode=causal | Cutoff=0.005 Hz | EventK=18 | AlignWindow=[0 5] s
요약 결과: 성공률=12.5% (3/24)
요약 조건: Param=S11 | FreqGHz=24        24.05         24.1        24.15         24.2        24.25
요약 조건: Filter=lowpass/bessel N=3 | Mode=causal | Cutoff=0.005 Hz | EventK=20 | AlignWindow=[0 5] s
요약 결과: 성공률=8.3% (2/24)
요약 조건: Param=S11 | FreqGHz=24        24.05         24.1        24.15         24.2        24.25
요약 조건: Filter=lowpass/bessel N=2 | Mode=causal | Cutoff=0.006 Hz | EventK=10 | AlignWindow=[0 5] s
요약 결과: 성공률=8.3% (2/24)
요약 조건: Param=S11 | FreqGHz=24        24.05         24.1        24.15         24.2        24.25
요약 조건: Filter=lowpass/bessel N=2 | Mode=causal | Cutoff=0.006 Hz | EventK=12 | AlignWindow=[0 5] s
요약 결과: 성공률=4.2% (1/24)
요약 조건: Param=S11 | FreqGHz=24        24.05         24.1        24.15         24.2        24.25
요약 조건: Filter=lowpass/bessel N=2 | Mode=causal | Cutoff=0.006 Hz | EventK=14 | AlignWindow=[0 5] s
요약 결과: 성공률=4.2% (1/24)
요약 조건: Param=S11 | FreqGHz=24        24.05         24.1        24.15         24.2        24.25
요약 조건: Filter=lowpass/bessel N=2 | Mode=causal | Cutoff=0.006 Hz | EventK=16 | AlignWindow=[0 5] s
요약 결과: 성공률=4.2% (1/24)
요약 조건: Param=S11 | FreqGHz=24        24.05         24.1        24.15         24.2        24.25
요약 조건: Filter=lowpass/bessel N=2 | Mode=causal | Cutoff=0.006 Hz | EventK=18 | AlignWindow=[0 5] s
요약 결과: 성공률=4.2% (1/24)
요약 조건: Param=S11 | FreqGHz=24        24.05         24.1        24.15         24.2        24.25
요약 조건: Filter=lowpass/bessel N=2 | Mode=causal | Cutoff=0.006 Hz | EventK=20 | AlignWindow=[0 5] s
요약 결과: 성공률=4.2% (1/24)
요약 조건: Param=S11 | FreqGHz=24        24.05         24.1        24.15         24.2        24.25
요약 조건: Filter=lowpass/bessel N=3 | Mode=causal | Cutoff=0.006 Hz | EventK=10 | AlignWindow=[0 5] s
요약 결과: 성공률=0.0% (0/24)
요약 조건: Param=S11 | FreqGHz=24        24.05         24.1        24.15         24.2        24.25
요약 조건: Filter=lowpass/bessel N=3 | Mode=causal | Cutoff=0.006 Hz | EventK=12 | AlignWindow=[0 5] s
요약 결과: 성공률=0.0% (0/24)
요약 조건: Param=S11 | FreqGHz=24        24.05         24.1        24.15         24.2        24.25
요약 조건: Filter=lowpass/bessel N=3 | Mode=causal | Cutoff=0.006 Hz | EventK=14 | AlignWindow=[0 5] s
요약 결과: 성공률=0.0% (0/24)
요약 조건: Param=S11 | FreqGHz=24        24.05         24.1        24.15         24.2        24.25
요약 조건: Filter=lowpass/bessel N=3 | Mode=causal | Cutoff=0.006 Hz | EventK=16 | AlignWindow=[0 5] s
요약 결과: 성공률=0.0% (0/24)
요약 조건: Param=S11 | FreqGHz=24        24.05         24.1        24.15         24.2        24.25
요약 조건: Filter=lowpass/bessel N=3 | Mode=causal | Cutoff=0.006 Hz | EventK=18 | AlignWindow=[0 5] s
요약 결과: 성공률=0.0% (0/24)
요약 조건: Param=S11 | FreqGHz=24        24.05         24.1        24.15         24.2        24.25
요약 조건: Filter=lowpass/bessel N=3 | Mode=causal | Cutoff=0.006 Hz | EventK=20 | AlignWindow=[0 5] s
요약 결과: 성공률=0.0% (0/24)
요약 조건: Param=S11 | FreqGHz=24        24.05         24.1        24.15         24.2        24.25
요약 조건: Filter=lowpass/bessel N=2 | Mode=causal | Cutoff=0.007 Hz | EventK=10 | AlignWindow=[0 5] s
요약 결과: 성공률=12.5% (3/24)
{Operation terminated by user during <a href="matlab:matlab.lang.internal.introspective.errorDocCallback('path', '/Applications/MATLAB_R2024b.app/toolbox/matlab/general/path.m', 109)" style="font-weight:bold">path</a> (<a href="matlab: opentoline('/Applications/MATLAB_R2024b.app/toolbox/matlab/general/path.m',109,0)">line 109</a>)


In <a href="matlab:matlab.lang.internal.introspective.errorDocCallback('addpath>doPathAddition', '/Applications/MATLAB_R2024b.app/toolbox/matlab/general/addpath.m', 126)" style="font-weight:bold">addpath>doPathAddition</a> (<a href="matlab: opentoline('/Applications/MATLAB_R2024b.app/toolbox/matlab/general/addpath.m',126,0)">line 126</a>)
        path(p, mp);
        ^^^^^^^^^^^
In <a href="matlab:matlab.lang.internal.introspective.errorDocCallback('addpath', '/Applications/MATLAB_R2024b.app/toolbox/matlab/general/addpath.m', 90)" style="font-weight:bold">addpath</a> (<a href="matlab: opentoline('/Applications/MATLAB_R2024b.app/toolbox/matlab/general/addpath.m',90,0)">line 90</a>)
        doPathAddition(p, append);
        ^^^^^^^^^^^^^^^^^^^^^^^^^
In <a href="matlab:matlab.lang.internal.introspective.errorDocCallback('evaluate_transition_alignment', '/Users/seunghuncha/MATLAB-Drive/supercooling3/evaluate_transition_alignment.m', 29)" style="font-weight:bold">evaluate_transition_alignment</a> (<a href="matlab: opentoline('/Users/seunghuncha/MATLAB-Drive/supercooling3/evaluate_transition_alignment.m',29,0)">line 29</a>)
addpath('functions_lowpass');
^^^^^^^^^^^^^^^^^^^^^^^^^^^^
In <a href="matlab:matlab.lang.internal.introspective.errorDocCallback('sweep_transition_alignment', '/Users/seunghuncha/MATLAB-Drive/supercooling3/sweep_transition_alignment.m', 60)" style="font-weight:bold">sweep_transition_alignment</a> (<a href="matlab: opentoline('/Users/seunghuncha/MATLAB-Drive/supercooling3/sweep_transition_alignment.m',60,0)">line 60</a>)
                  [R, detail] = evaluate_transition_alignment(args{:});
                                ^^^^^^^^^^^^^^^^^^^^^^^^^^^^^^^^^^^^^^
In <a href="matlab:matlab.lang.internal.introspective.errorDocCallback('run_alignment_pipeline', '/Users/seunghuncha/MATLAB-Drive/supercooling3/run_alignment_pipeline.m', 50)" style="font-weight:bold">run_alignment_pipeline</a> (<a href="matlab: opentoline('/Users/seunghuncha/MATLAB-Drive/supercooling3/run_alignment_pipeline.m',50,0)">line 50</a>)
summary = sweep_transition_alignment('Exps', opt.Exps, 'FreqGHz', opt.FreqGHz, 'AlignWindow', opt.AlignWindow);
          ^^^^^^^^^^^^^^^^^^^^^^^^^^^^^^^^^^^^^^^^^^^^^^^^^^^^^^^^^^^^^^^^^^^^^^^^^^^^^^^^^^^^^^^^^^^^^^^^^^^^
} 
run_alignment_pipeline
