run_alignment_pipeline 시작: 15-Sep-2025 01:32:22
요약 조건: Param=S11 | FreqGHz=24        24.05         24.1        24.15         24.2        24.25 | Filter=lowpass/elliptic N=4 | Mode=causal | Cutoff=0.05 Hz | EventK=20 | AlignWindow=[0 5] s
요약 결과: 성공률=0.0% (0/30)
요약 조건: Param=S11 | FreqGHz=24        24.05         24.1        24.15         24.2        24.25 | Filter=lowpass/bessel N=2 | Mode=causal | Cutoff=0.001 Hz | EventK=15 | AlignWindow=[0 5] s
요약 결과: 성공률=0.0% (0/30)
요약 조건: Param=S11 | FreqGHz=24        24.05         24.1        24.15         24.2        24.25 | Filter=lowpass/bessel N=2 | Mode=causal | Cutoff=0.001 Hz | EventK=20 | AlignWindow=[0 5] s
요약 결과: 성공률=0.0% (0/30)
요약 조건: Param=S11 | FreqGHz=24        24.05         24.1        24.15         24.2        24.25 | Filter=lowpass/bessel N=3 | Mode=causal | Cutoff=0.001 Hz | EventK=15 | AlignWindow=[0 5] s
요약 결과: 성공률=0.0% (0/30)
요약 조건: Param=S11 | FreqGHz=24        24.05         24.1        24.15         24.2        24.25 | Filter=lowpass/bessel N=3 | Mode=causal | Cutoff=0.001 Hz | EventK=20 | AlignWindow=[0 5] s
요약 결과: 성공률=0.0% (0/30)
요약 조건: Param=S11 | FreqGHz=24        24.05         24.1        24.15         24.2        24.25 | Filter=lowpass/bessel N=4 | Mode=causal | Cutoff=0.001 Hz | EventK=15 | AlignWindow=[0 5] s
요약 결과: 성공률=0.0% (0/30)
{Operation terminated by user during <a href="matlab:matlab.lang.internal.introspective.errorDocCallback('datetime', '/Applications/MATLAB_R2024b.app/toolbox/matlab/datatypes/datetime/@datetime/datetime.m', 244)" style="font-weight:bold">datetime</a> (<a href="matlab: opentoline('/Applications/MATLAB_R2024b.app/toolbox/matlab/datatypes/datetime/@datetime/datetime.m',244,0)">line 244</a>)


In <a href="matlab:matlab.lang.internal.introspective.errorDocCallback('load_temp_csv_basic>i_parse_time_column', '/Users/seunghuncha/MATLAB-Drive/supercooling3/functions_lowpass/load_temp_csv_basic.m', 129)" style="font-weight:bold">load_temp_csv_basic>i_parse_time_column</a> (<a href="matlab: opentoline('/Users/seunghuncha/MATLAB-Drive/supercooling3/functions_lowpass/load_temp_csv_basic.m',129,0)">line 129</a>)
                tt = datetime(dstr,'InputFormat',fmts(fi),'Locale','ko_KR');
                     ^^^^^^^^^^^^^^^^^^^^^^^^^^^^^^^^^^^^^^^^^^^^^^^^^^^^^^
In <a href="matlab:matlab.lang.internal.introspective.errorDocCallback('load_temp_csv_basic', '/Users/seunghuncha/MATLAB-Drive/supercooling3/functions_lowpass/load_temp_csv_basic.m', 64)" style="font-weight:bold">load_temp_csv_basic</a> (<a href="matlab: opentoline('/Users/seunghuncha/MATLAB-Drive/supercooling3/functions_lowpass/load_temp_csv_basic.m',64,0)">line 64</a>)
    t = i_parse_time_column(tbl.Time);
        ^^^^^^^^^^^^^^^^^^^^^^^^^^^^^
In <a href="matlab:matlab.lang.internal.introspective.errorDocCallback('evaluate_transition_alignment', '/Users/seunghuncha/MATLAB-Drive/supercooling3/evaluate_transition_alignment.m', 117)" style="font-weight:bold">evaluate_transition_alignment</a> (<a href="matlab: opentoline('/Users/seunghuncha/MATLAB-Drive/supercooling3/evaluate_transition_alignment.m',117,0)">line 117</a>)
        Tt = load_temp_csv_basic(expDir, 'Pattern','Temp.csv');
             ^^^^^^^^^^^^^^^^^^^^^^^^^^^^^^^^^^^^^^^^^^^^^^^^^
In <a href="matlab:matlab.lang.internal.introspective.errorDocCallback('sweep_transition_alignment', '/Users/seunghuncha/MATLAB-Drive/supercooling3/sweep_transition_alignment.m', 60)" style="font-weight:bold">sweep_transition_alignment</a> (<a href="matlab: opentoline('/Users/seunghuncha/MATLAB-Drive/supercooling3/sweep_transition_alignment.m',60,0)">line 60</a>)
                  [R, detail] = evaluate_transition_alignment(args{:});
                                ^^^^^^^^^^^^^^^^^^^^^^^^^^^^^^^^^^^^^^
In <a href="matlab:matlab.lang.internal.introspective.errorDocCallback('run_alignment_pipeline', '/Users/seunghuncha/MATLAB-Drive/supercooling3/run_alignment_pipeline.m', 50)" style="font-weight:bold">run_alignment_pipeline</a> (<a href="matlab: opentoline('/Users/seunghuncha/MATLAB-Drive/supercooling3/run_alignment_pipeline.m',50,0)">line 50</a>)
summary = sweep_transition_alignment('Exps', opt.Exps, 'FreqGHz', opt.FreqGHz, 'AlignWindow', opt.AlignWindow);
          ^^^^^^^^^^^^^^^^^^^^^^^^^^^^^^^^^^^^^^^^^^^^^^^^^^^^^^^^^^^^^^^^^^^^^^^^^^^^^^^^^^^^^^^^^^^^^^^^^^^^
} 
run_alignment_pipeline
