Start curate: 14-Sep-2025 03:53:30
입력 CSV 없음 → 자동 생성: /Users/seunghuncha/MATLAB-Drive/supercooling3/expdata/2025-09-09 - patch with plate and horn/temp_events_S11.csv
온도 이벤트 CSV 저장: /Users/seunghuncha/MATLAB-Drive/supercooling3/expdata/2025-09-09 - patch with plate and horn/temp_events_S11.csv (N=71)
온도 이벤트 보정 저장: /Users/seunghuncha/MATLAB-Drive/supercooling3/expdata/2025-09-09 - patch with plate and horn/temp_events_S11_manual.csv (N=71)
OK: 2025-09-09 - patch with plate and horn / S11 → /Users/seunghuncha/MATLAB-Drive/supercooling3/expdata/2025-09-09 - patch with plate and horn/temp_events_S11_manual.csv
입력 CSV 없음 → 자동 생성: /Users/seunghuncha/MATLAB-Drive/supercooling3/expdata/2025-09-10 - patch with plate and horn/temp_events_S11.csv
온도 이벤트 CSV 저장: /Users/seunghuncha/MATLAB-Drive/supercooling3/expdata/2025-09-10 - patch with plate and horn/temp_events_S11.csv (N=17)
온도 이벤트 보정 저장: /Users/seunghuncha/MATLAB-Drive/supercooling3/expdata/2025-09-10 - patch with plate and horn/temp_events_S11_manual.csv (N=17)
OK: 2025-09-10 - patch with plate and horn / S11 → /Users/seunghuncha/MATLAB-Drive/supercooling3/expdata/2025-09-10 - patch with plate and horn/temp_events_S11_manual.csv
입력 CSV 없음 → 자동 생성: /Users/seunghuncha/MATLAB-Drive/supercooling3/expdata/2025-09-10 - patch with plate and horn2/temp_events_S11.csv
온도 이벤트 CSV 저장: /Users/seunghuncha/MATLAB-Drive/supercooling3/expdata/2025-09-10 - patch with plate and horn2/temp_events_S11.csv (N=49)
온도 이벤트 보정 저장: /Users/seunghuncha/MATLAB-Drive/supercooling3/expdata/2025-09-10 - patch with plate and horn2/temp_events_S11_manual.csv (N=49)
OK: 2025-09-10 - patch with plate and horn2 / S11 → /Users/seunghuncha/MATLAB-Drive/supercooling3/expdata/2025-09-10 - patch with plate and horn2/temp_events_S11_manual.csv
입력 CSV 없음 → 자동 생성: /Users/seunghuncha/MATLAB-Drive/supercooling3/expdata/2025-09-11 - beef patch with plate and horn/temp_events_S11.csv
온도 이벤트 CSV 저장: /Users/seunghuncha/MATLAB-Drive/supercooling3/expdata/2025-09-11 - beef patch with plate and horn/temp_events_S11.csv (N=172)
온도 이벤트 보정 저장: /Users/seunghuncha/MATLAB-Drive/supercooling3/expdata/2025-09-11 - beef patch with plate and horn/temp_events_S11_manual.csv (N=172)
OK: 2025-09-11 - beef patch with plate and horn / S11 → /Users/seunghuncha/MATLAB-Drive/supercooling3/expdata/2025-09-11 - beef patch with plate and horn/temp_events_S11_manual.csv
입력 CSV 없음 → 자동 생성: /Users/seunghuncha/MATLAB-Drive/supercooling3/expdata/2025-09-11 - beef patch with plate and horn2/temp_events_S11.csv
온도 이벤트 CSV 저장: /Users/seunghuncha/MATLAB-Drive/supercooling3/expdata/2025-09-11 - beef patch with plate and horn2/temp_events_S11.csv (N=464)
온도 이벤트 보정 저장: /Users/seunghuncha/MATLAB-Drive/supercooling3/expdata/2025-09-11 - beef patch with plate and horn2/temp_events_S11_manual.csv (N=464)
OK: 2025-09-11 - beef patch with plate and horn2 / S11 → /Users/seunghuncha/MATLAB-Drive/supercooling3/expdata/2025-09-11 - beef patch with plate and horn2/temp_events_S11_manual.csv
입력 CSV 없음 → 자동 생성: /Users/seunghuncha/MATLAB-Drive/supercooling3/expdata/2025-09-09 - patch with plate and horn/temp_events_S22.csv
온도 이벤트 CSV 저장: /Users/seunghuncha/MATLAB-Drive/supercooling3/expdata/2025-09-09 - patch with plate and horn/temp_events_S22.csv (N=1)
온도 이벤트 보정 저장: /Users/seunghuncha/MATLAB-Drive/supercooling3/expdata/2025-09-09 - patch with plate and horn/temp_events_S22_manual.csv (N=1)
OK: 2025-09-09 - patch with plate and horn / S22 → /Users/seunghuncha/MATLAB-Drive/supercooling3/expdata/2025-09-09 - patch with plate and horn/temp_events_S22_manual.csv
입력 CSV 없음 → 자동 생성: /Users/seunghuncha/MATLAB-Drive/supercooling3/expdata/2025-09-10 - patch with plate and horn/temp_events_S22.csv
온도 이벤트 CSV 저장: /Users/seunghuncha/MATLAB-Drive/supercooling3/expdata/2025-09-10 - patch with plate and horn/temp_events_S22.csv (N=5)
온도 이벤트 보정 저장: /Users/seunghuncha/MATLAB-Drive/supercooling3/expdata/2025-09-10 - patch with plate and horn/temp_events_S22_manual.csv (N=5)
OK: 2025-09-10 - patch with plate and horn / S22 → /Users/seunghuncha/MATLAB-Drive/supercooling3/expdata/2025-09-10 - patch with plate and horn/temp_events_S22_manual.csv
입력 CSV 없음 → 자동 생성: /Users/seunghuncha/MATLAB-Drive/supercooling3/expdata/2025-09-10 - patch with plate and horn2/temp_events_S22.csv
온도 이벤트 CSV 저장: /Users/seunghuncha/MATLAB-Drive/supercooling3/expdata/2025-09-10 - patch with plate and horn2/temp_events_S22.csv (N=3)
온도 이벤트 보정 저장: /Users/seunghuncha/MATLAB-Drive/supercooling3/expdata/2025-09-10 - patch with plate and horn2/temp_events_S22_manual.csv (N=3)
OK: 2025-09-10 - patch with plate and horn2 / S22 → /Users/seunghuncha/MATLAB-Drive/supercooling3/expdata/2025-09-10 - patch with plate and horn2/temp_events_S22_manual.csv
입력 CSV 없음 → 자동 생성: /Users/seunghuncha/MATLAB-Drive/supercooling3/expdata/2025-09-11 - beef patch with plate and horn/temp_events_S22.csv
온도 이벤트 CSV 저장: /Users/seunghuncha/MATLAB-Drive/supercooling3/expdata/2025-09-11 - beef patch with plate and horn/temp_events_S22.csv (N=1)
온도 이벤트 보정 저장: /Users/seunghuncha/MATLAB-Drive/supercooling3/expdata/2025-09-11 - beef patch with plate and horn/temp_events_S22_manual.csv (N=1)
OK: 2025-09-11 - beef patch with plate and horn / S22 → /Users/seunghuncha/MATLAB-Drive/supercooling3/expdata/2025-09-11 - beef patch with plate and horn/temp_events_S22_manual.csv
입력 CSV 없음 → 자동 생성: /Users/seunghuncha/MATLAB-Drive/supercooling3/expdata/2025-09-11 - beef patch with plate and horn2/temp_events_S22.csv
온도 이벤트 CSV 저장: /Users/seunghuncha/MATLAB-Drive/supercooling3/expdata/2025-09-11 - beef patch with plate and horn2/temp_events_S22.csv (N=3)
온도 이벤트 보정 저장: /Users/seunghuncha/MATLAB-Drive/supercooling3/expdata/2025-09-11 - beef patch with plate and horn2/temp_events_S22_manual.csv (N=3)
OK: 2025-09-11 - beef patch with plate and horn2 / S22 → /Users/seunghuncha/MATLAB-Drive/supercooling3/expdata/2025-09-11 - beef patch with plate and horn2/temp_events_S22_manual.csv
End curate: 14-Sep-2025 03:53:37
