Start curate: 14-Sep-2025 04:42:15
온도 이벤트 보정 저장: /Users/seunghuncha/MATLAB-Drive/supercooling3/expdata/2025-09-09 - patch with plate and horn/temp_events_S11_manual.csv (N=1)
OK: 2025-09-09 - patch with plate and horn / S11 → /Users/seunghuncha/MATLAB-Drive/supercooling3/expdata/2025-09-09 - patch with plate and horn/temp_events_S11_manual.csv
온도 이벤트 보정 저장: /Users/seunghuncha/MATLAB-Drive/supercooling3/expdata/2025-09-10 - patch with plate and horn/temp_events_S11_manual.csv (N=1)
OK: 2025-09-10 - patch with plate and horn / S11 → /Users/seunghuncha/MATLAB-Drive/supercooling3/expdata/2025-09-10 - patch with plate and horn/temp_events_S11_manual.csv
온도 이벤트 보정 저장: /Users/seunghuncha/MATLAB-Drive/supercooling3/expdata/2025-09-10 - patch with plate and horn2/temp_events_S11_manual.csv (N=1)
OK: 2025-09-10 - patch with plate and horn2 / S11 → /Users/seunghuncha/MATLAB-Drive/supercooling3/expdata/2025-09-10 - patch with plate and horn2/temp_events_S11_manual.csv
온도 이벤트 보정 저장: /Users/seunghuncha/MATLAB-Drive/supercooling3/expdata/2025-09-11 - beef patch with plate and horn/temp_events_S11_manual.csv (N=1)
OK: 2025-09-11 - beef patch with plate and horn / S11 → /Users/seunghuncha/MATLAB-Drive/supercooling3/expdata/2025-09-11 - beef patch with plate and horn/temp_events_S11_manual.csv
온도 이벤트 보정 저장: /Users/seunghuncha/MATLAB-Drive/supercooling3/expdata/2025-09-11 - beef patch with plate and horn2/temp_events_S11_manual.csv (N=1)
OK: 2025-09-11 - beef patch with plate and horn2 / S11 → /Users/seunghuncha/MATLAB-Drive/supercooling3/expdata/2025-09-11 - beef patch with plate and horn2/temp_events_S11_manual.csv
온도 이벤트 보정 저장: /Users/seunghuncha/MATLAB-Drive/supercooling3/expdata/2025-09-09 - patch with plate and horn/temp_events_S22_manual.csv (N=1)
OK: 2025-09-09 - patch with plate and horn / S22 → /Users/seunghuncha/MATLAB-Drive/supercooling3/expdata/2025-09-09 - patch with plate and horn/temp_events_S22_manual.csv
온도 이벤트 보정 저장: /Users/seunghuncha/MATLAB-Drive/supercooling3/expdata/2025-09-10 - patch with plate and horn/temp_events_S22_manual.csv (N=0)
OK: 2025-09-10 - patch with plate and horn / S22 → /Users/seunghuncha/MATLAB-Drive/supercooling3/expdata/2025-09-10 - patch with plate and horn/temp_events_S22_manual.csv
온도 이벤트 보정 저장: /Users/seunghuncha/MATLAB-Drive/supercooling3/expdata/2025-09-10 - patch with plate and horn2/temp_events_S22_manual.csv (N=1)
OK: 2025-09-10 - patch with plate and horn2 / S22 → /Users/seunghuncha/MATLAB-Drive/supercooling3/expdata/2025-09-10 - patch with plate and horn2/temp_events_S22_manual.csv
온도 이벤트 보정 저장: /Users/seunghuncha/MATLAB-Drive/supercooling3/expdata/2025-09-11 - beef patch with plate and horn/temp_events_S22_manual.csv (N=1)
OK: 2025-09-11 - beef patch with plate and horn / S22 → /Users/seunghuncha/MATLAB-Drive/supercooling3/expdata/2025-09-11 - beef patch with plate and horn/temp_events_S22_manual.csv
온도 이벤트 보정 저장: /Users/seunghuncha/MATLAB-Drive/supercooling3/expdata/2025-09-11 - beef patch with plate and horn2/temp_events_S22_manual.csv (N=1)
OK: 2025-09-11 - beef patch with plate and horn2 / S22 → /Users/seunghuncha/MATLAB-Drive/supercooling3/expdata/2025-09-11 - beef patch with plate and horn2/temp_events_S22_manual.csv
End curate: 14-Sep-2025 04:42:19
